<?xml version="1.0" encoding="UTF-8"?>
<!-- Generated by org.testng.reporters.JUnitXMLReporter -->
<testsuite hostname="SATHISHs-MacBook-Pro.local" ignored="0" name="Default test" tests="2" failures="0" timestamp="2022-05-13T13:26:55 EDT" time="10.621" errors="0">
  <testcase name="runScenario" time="9.709" classname="io.cucumber.testng.AbstractTestNGCucumberTests"/>
  <testcase name="runScenario" time="0.281" classname="io.cucumber.testng.AbstractTestNGCucumberTests"/>
</testsuite> <!-- Default test -->
